<?xml version="1.0" encoding="UTF-8"?>
<testng-results ignored="0" total="1" passed="1" failed="0" skipped="0">
  <reporter-output>
  </reporter-output>
  <suite started-at="2022-09-27T07:37:40 GMT-07:00" name="Default suite" finished-at="2022-09-27T07:37:45 GMT-07:00" duration-ms="5721">
    <groups>
    </groups>
    <test started-at="2022-09-27T07:37:40 GMT-07:00" name="Default test" finished-at="2022-09-27T07:37:45 GMT-07:00" duration-ms="5721">
      <class name="com.testCases.Weborder_Login_Data_Driven">
        <test-method signature="TC_001()[pri:1, instance:com.testCases.Weborder_Login_Data_Driven@3cb8c8ce]" started-at="2022-09-27T07:37:40 GMT-07:00" name="TC_001" finished-at="2022-09-27T07:37:45 GMT-07:00" duration-ms="5652" status="PASS">
          <reporter-output>
          </reporter-output>
        </test-method> <!-- TC_001 -->
        <test-method is-config="true" signature="CloseBrowser()[pri:0, instance:com.testCases.Weborder_Login_Data_Driven@3cb8c8ce]" started-at="2022-09-27T07:37:45 GMT-07:00" name="CloseBrowser" finished-at="2022-09-27T07:37:45 GMT-07:00" duration-ms="2" status="PASS">
          <reporter-output>
          </reporter-output>
        </test-method> <!-- CloseBrowser -->
      </class> <!-- com.testCases.Weborder_Login_Data_Driven -->
    </test> <!-- Default test -->
  </suite> <!-- Default suite -->
</testng-results>
